<?xml version="1.0" encoding="UTF-8"?>
<!-- Generated by org.testng.reporters.JUnitXMLReporter -->
<testsuite hostname="DESKTOP-MJ9UR34" ignored="0" name="HeadingTest" tests="1" failures="1" timestamp="2021-02-09T12:33:41 IST" time="67.453" errors="0">
  <testcase name="headingValidation" time="4.689" classname="Academy.HeadingTest">
    <failure type="java.lang.AssertionError" message="expected [Featured Courses123] but found [Featured Courses]">
      <![CDATA[java.lang.AssertionError: expected [Featured Courses123] but found [Featured Courses]
at Academy.HeadingTest.headingValidation(HeadingTest.java:34)
at java.util.ArrayList.forEach(ArrayList.java:1257)
at java.util.concurrent.FutureTask.run(FutureTask.java:266)
at java.util.concurrent.ThreadPoolExecutor.runWorker(ThreadPoolExecutor.java:1149)
at java.util.concurrent.ThreadPoolExecutor$Worker.run(ThreadPoolExecutor.java:624)
at java.lang.Thread.run(Thread.java:748)
... Removed 24 stack frames]]>
    </failure>
  </testcase> <!-- headingValidation -->
</testsuite> <!-- HeadingTest -->
